-------------------------------------------------------------------------------
Test set: br.edu.uni7.tecnicas.restjpa.RestjpaApplicationTests
-------------------------------------------------------------------------------
Tests run: 1, Failures: 0, Errors: 1, Skipped: 0, Time elapsed: 0.113 s <<< FAILURE! - in br.edu.uni7.tecnicas.restjpa.RestjpaApplicationTests
br.edu.uni7.tecnicas.restjpa.RestjpaApplicationTests  Time elapsed: 0.112 s  <<< ERROR!
java.lang.IllegalStateException: Unable to find a @SpringBootConfiguration, you need to use @ContextConfiguration or @SpringBootTest(classes=...) with your test

